<?xml version="1.0" encoding="UTF-8"?>
<!-- Generated by org.testng.reporters.JUnitReportReporter -->
<testsuite hostname="xlh-028" name="test.apptest.fund.AppFundWallet" tests="1" failures="0" timestamp="23 Dec 2016 08:46:24 GMT" time="71.961" errors="0">
  <testcase name="wallet" time="71.961" classname="test.apptest.fund.AppFundWallet"/>
</testsuite> <!-- test.apptest.fund.AppFundWallet -->
