<?xml version="1.0" encoding="UTF-8"?>
<!-- Generated by org.testng.reporters.JUnitReportReporter -->
<testsuite hostname="ALLen-PC" name="test.apptest.common.AppCommonInterview" tests="1" failures="0" timestamp="1 Dec 2016 10:44:51 GMT" time="179.058" errors="0">
  <testcase name="interviewProcess" time="179.058" classname="test.apptest.common.AppCommonInterview"/>
</testsuite> <!-- test.apptest.common.AppCommonInterview -->
