<?xml version="1.0" encoding="UTF-8"?>
<!-- Generated by org.testng.reporters.JUnitReportReporter -->
<testsuite hostname="ALLen-PC" name="test.selftest.TestSel" tests="1" failures="0" timestamp="24 Nov 2016 03:55:40 GMT" time="0.004" errors="0">
  <testcase name="function" time="0.004" classname="test.selftest.TestSel"/>
</testsuite> <!-- test.selftest.TestSel -->
