<?xml version="1.0" encoding="UTF-8"?>
<!-- Generated by org.testng.reporters.JUnitReportReporter -->
<testsuite hostname="ALLen-PC" name="test.apptest.common.AppCommonInquiry" tests="1" failures="0" timestamp="25 Nov 2016 06:12:51 GMT" time="346.244" errors="0">
  <testcase name="commonInquiryProcess" time="346.244" classname="test.apptest.common.AppCommonInquiry"/>
</testsuite> <!-- test.apptest.common.AppCommonInquiry -->
