<?xml version="1.0" encoding="UTF-8"?>
<!-- Generated by org.testng.reporters.JUnitReportReporter -->
<testsuite hostname="xlh-028" name="test.apptest.fund.AppFundRequirement" tests="2" failures="0" timestamp="23 Dec 2016 08:43:07 GMT" time="159.208" errors="0">
  <testcase name="fundRequirement" time="109.159" classname="test.apptest.fund.AppFundRequirement"/>
  <testcase name="fundRespond" time="50.049" classname="test.apptest.fund.AppFundRequirement"/>
</testsuite> <!-- test.apptest.fund.AppFundRequirement -->
