<?xml version="1.0" encoding="UTF-8"?>
<!-- Generated by org.testng.reporters.JUnitReportReporter -->
<testsuite hostname="ALLen-PC" name="test.apptest.common.AppCommonInterview" tests="1" failures="0" timestamp="28 Nov 2016 03:21:36 GMT" time="169.572" errors="0">
  <testcase name="interviewProcess" time="169.572" classname="test.apptest.common.AppCommonInterview"/>
</testsuite> <!-- test.apptest.common.AppCommonInterview -->
