<?xml version="1.0" encoding="UTF-8"?>
<!-- Generated by org.testng.reporters.JUnitReportReporter -->
<testsuite hostname="XLH-20160517" name="test.apptest.fund.AppFundWallet" tests="1" failures="0" timestamp="23 Nov 2016 07:51:06 GMT" time="25.560" errors="0">
  <testcase name="Wallet" time="25.560" classname="test.apptest.fund.AppFundWallet"/>
</testsuite> <!-- test.apptest.fund.AppFundWallet -->
