<?xml version="1.0" encoding="UTF-8"?>
<!-- Generated by org.testng.reporters.JUnitReportReporter -->
<testsuite hostname="XLH-20160517" name="test.apptest.common.AppFundSpeedInquiry" tests="1" failures="0" timestamp="14 Dec 2016 03:36:56 GMT" time="100.950" errors="0">
  <testcase name="speedInquiry" time="100.950" classname="test.apptest.common.AppFundSpeedInquiry"/>
</testsuite> <!-- test.apptest.common.AppFundSpeedInquiry -->
