<?xml version="1.0" encoding="UTF-8"?>
<!-- Generated by org.testng.reporters.JUnitReportReporter -->
<testsuite hostname="xlh-028" name="test.apptest.chuangye.AppChuangyeReleaseLoan" tests="1" failures="0" timestamp="21 Dec 2016 03:30:53 GMT" time="168.538" errors="0">
  <testcase name="chuangyeReleaseLoan" time="168.538" classname="test.apptest.chuangye.AppChuangyeReleaseLoan"/>
</testsuite> <!-- test.apptest.chuangye.AppChuangyeReleaseLoan -->
