<?xml version="1.0" encoding="UTF-8"?>
<!-- Generated by org.testng.reporters.JUnitReportReporter -->
<testsuite hostname="ALLen-PC" name="test.apptest.common.AppCommonInquiry" tests="1" failures="1" timestamp="22 Dec 2016 08:43:31 GMT" time="62.040" errors="0">
  <testcase name="commonInquiryProcess" time="62.040" classname="test.apptest.common.AppCommonInquiry">
    <failure type="org.openqa.selenium.WebDriverException" message="An unknown server-side error occurred while processing the command. (WARNING: The server did not provide any stacktrace information)
Command duration or timeout: 10.17 seconds
Build info: version: &#039;2.44.0&#039;, revision: &#039;76d78cf&#039;, time: &#039;2014-10-23 20:03:00&#039;
System info: host: &#039;ALLen-PC&#039;, ip: &#039;172.16.22.117&#039;, os.name: &#039;Windows Vista&#039;, os.arch: &#039;x86&#039;, os.version: &#039;6.1&#039;, java.version: &#039;1.6.0_10-rc2&#039;
Session ID: de55d7ba-0417-4490-bc22-ceb3b1db9d62
Driver info: io.appium.java_client.AppiumDriver
Capabilities [{platform=LINUX, app=D:\autoApp\testAPK\Easyrongchuangye_pre_2_3_1.apk, javascriptEnabled=true, appActivity=.activities.EasyrongChuangyeActivity, browserName=, networkConnectionEnabled=true, noSign=true, desired={platformVersion=4.4, app=D:\autoApp\testAPK\Easyrongchuangye_pre_2_3_1.apk, platformName=Android, deviceName=Android Emulator, browserName=, appActivity=.activities.EasyrongChuangyeActivity, unicodeKeyboard=true, noSign=true, resetKeyboard=true, appPackage=com.easyrongchuangye, noReset=true}, locationContextEnabled=false, appPackage=com.easyrongchuangye, noReset=true, platformVersion=4.4.2, databaseEnabled=false, platformName=Android, deviceName=emulator-5554, webStorageEnabled=false, unicodeKeyboard=true, resetKeyboard=true, warnings={}, takesScreenshot=true}]">
      <![CDATA[org.openqa.selenium.WebDriverException: An unknown server-side error occurred while processing the command. (WARNING: The server did not provide any stacktrace information)
Command duration or timeout: 10.17 seconds
Build info: version: '2.44.0', revision: '76d78cf', time: '2014-10-23 20:03:00'
System info: host: 'ALLen-PC', ip: '172.16.22.117', os.name: 'Windows Vista', os.arch: 'x86', os.version: '6.1', java.version: '1.6.0_10-rc2'
Session ID: de55d7ba-0417-4490-bc22-ceb3b1db9d62
Driver info: io.appium.java_client.AppiumDriver
Capabilities [{platform=LINUX, app=D:\autoApp\testAPK\Easyrongchuangye_pre_2_3_1.apk, javascriptEnabled=true, appActivity=.activities.EasyrongChuangyeActivity, browserName=, networkConnectionEnabled=true, noSign=true, desired={platformVersion=4.4, app=D:\autoApp\testAPK\Easyrongchuangye_pre_2_3_1.apk, platformName=Android, deviceName=Android Emulator, browserName=, appActivity=.activities.EasyrongChuangyeActivity, unicodeKeyboard=true, noSign=true, resetKeyboard=true, appPackage=com.easyrongchuangye, noReset=true}, locationContextEnabled=false, appPackage=com.easyrongchuangye, noReset=true, platformVersion=4.4.2, databaseEnabled=false, platformName=Android, deviceName=emulator-5554, webStorageEnabled=false, unicodeKeyboard=true, resetKeyboard=true, warnings={}, takesScreenshot=true}]
	at sun.reflect.NativeConstructorAccessorImpl.newInstance0(Native Method)
	at sun.reflect.NativeConstructorAccessorImpl.newInstance(Unknown Source)
	at sun.reflect.DelegatingConstructorAccessorImpl.newInstance(Unknown Source)
	at java.lang.reflect.Constructor.newInstance(Unknown Source)
	at org.openqa.selenium.remote.ErrorHandler.createThrowable(ErrorHandler.java:204)
	at org.openqa.selenium.remote.ErrorHandler.throwIfResponseFailed(ErrorHandler.java:156)
	at org.openqa.selenium.remote.RemoteWebDriver.execute(RemoteWebDriver.java:599)
	at io.appium.java_client.AppiumDriver.execute(AppiumDriver.java:81)
	at org.openqa.selenium.remote.RemoteWebDriver.findElement(RemoteWebDriver.java:352)
	at org.openqa.selenium.remote.RemoteWebDriver.findElementById(RemoteWebDriver.java:393)
	at org.openqa.selenium.By$ById.findElement(By.java:214)
	at org.openqa.selenium.remote.RemoteWebDriver.findElement(RemoteWebDriver.java:344)
	at org.openqa.selenium.support.ui.ExpectedConditions.findElement(ExpectedConditions.java:730)
	at org.openqa.selenium.support.ui.ExpectedConditions.access$0(ExpectedConditions.java:728)
	at org.openqa.selenium.support.ui.ExpectedConditions$4.apply(ExpectedConditions.java:130)
	at org.openqa.selenium.support.ui.ExpectedConditions$4.apply(ExpectedConditions.java:1)
	at org.openqa.selenium.support.ui.FluentWait.until(FluentWait.java:208)
	at service.impl.AppCommonServiceImpl.loginForApp(AppCommonServiceImpl.java:34)
	at test.apptest.common.AppCommonInquiry.commonInquiryProcess(AppCommonInquiry.java:63)
	at sun.reflect.NativeMethodAccessorImpl.invoke0(Native Method)
	at sun.reflect.NativeMethodAccessorImpl.invoke(Unknown Source)
	at sun.reflect.DelegatingMethodAccessorImpl.invoke(Unknown Source)
	at java.lang.reflect.Method.invoke(Unknown Source)
	at org.testng.internal.MethodInvocationHelper.invokeMethod(MethodInvocationHelper.java:80)
	at org.testng.internal.InvokeMethodRunnable.runOne(InvokeMethodRunnable.java:46)
	at org.testng.internal.InvokeMethodRunnable.run(InvokeMethodRunnable.java:37)
	at java.util.concurrent.Executors$RunnableAdapter.call(Unknown Source)
	at java.util.concurrent.FutureTask$Sync.innerRun(Unknown Source)
	at java.util.concurrent.FutureTask.run(Unknown Source)
	at java.util.concurrent.ThreadPoolExecutor$Worker.runTask(Unknown Source)
	at java.util.concurrent.ThreadPoolExecutor$Worker.run(Unknown Source)
	at java.lang.Thread.run(Unknown Source)
]]>
    </failure>
  </testcase> <!-- commonInquiryProcess -->
</testsuite> <!-- test.apptest.common.AppCommonInquiry -->
