<?xml version="1.0" encoding="UTF-8"?>
<!-- Generated by org.testng.reporters.JUnitReportReporter -->
<testsuite hostname="xlh-028" name="test.apptest.chuangye.AppChuangyeEnterIncubator" tests="1" failures="0" timestamp="14 Dec 2016 02:48:00 GMT" time="89.781" errors="0">
  <testcase name="chuangyeEnterIncubator" time="89.781" classname="test.apptest.chuangye.AppChuangyeEnterIncubator"/>
</testsuite> <!-- test.apptest.chuangye.AppChuangyeEnterIncubator -->
