<?xml version="1.0" encoding="UTF-8"?>
<!-- Generated by org.testng.reporters.JUnitReportReporter -->
<testsuite hostname="XLH-20160517" name="test.apptest.fund.AppFundSpeedInquiry" tests="1" failures="0" timestamp="23 Nov 2016 08:42:08 GMT" time="85.146" errors="0">
  <testcase name="Wallet" time="85.146" classname="test.apptest.fund.AppFundSpeedInquiry"/>
</testsuite> <!-- test.apptest.fund.AppFundSpeedInquiry -->
