<?xml version="1.0" encoding="UTF-8"?>
<!-- Generated by org.testng.reporters.JUnitReportReporter -->
<testsuite hostname="xlh-028" name="test.apptest.chuangye.AppChuangyeReleaseLoan" tests="1" failures="0" timestamp="5 Dec 2016 07:00:40 GMT" time="164.587" errors="0">
  <testcase name="chuangyeEnterIncubator" time="164.587" classname="test.apptest.chuangye.AppChuangyeReleaseLoan"/>
</testsuite> <!-- test.apptest.chuangye.AppChuangyeReleaseLoan -->
