<?xml version="1.0" encoding="UTF-8"?>
<!-- Generated by org.testng.reporters.JUnitReportReporter -->
<testsuite hostname="XLH-20160517" name="test.apptest.common.AppCommonSpeedInquiry" tests="1" failures="0" timestamp="20 Dec 2016 10:17:27 GMT" time="100.458" errors="0">
  <testcase name="appCommonSpeedInquiry" time="100.458" classname="test.apptest.common.AppCommonSpeedInquiry"/>
</testsuite> <!-- test.apptest.common.AppCommonSpeedInquiry -->
