<?xml version="1.0" encoding="UTF-8"?>
<!-- Generated by org.testng.reporters.JUnitReportReporter -->
<testsuite hostname="xlh-028" name="test.apptest.fund.AppFundWallet" tests="1" failures="0" timestamp="9 Dec 2016 07:59:10 GMT" time="69.459" errors="0">
  <testcase name="wallet" time="69.459" classname="test.apptest.fund.AppFundWallet"/>
</testsuite> <!-- test.apptest.fund.AppFundWallet -->
