<?xml version="1.0" encoding="UTF-8"?>
<!-- Generated by org.testng.reporters.JUnitReportReporter -->
<testsuite hostname="ALLen-PC" name="test.apptest.common.AppCommonInterview" tests="1" failures="0" timestamp="6 Dec 2016 10:34:36 GMT" time="0.310" errors="0">
  <testcase name="updateTest" time="0.310" classname="test.apptest.common.AppCommonInterview"/>
</testsuite> <!-- test.apptest.common.AppCommonInterview -->
