<?xml version="1.0" encoding="UTF-8"?>
<!-- Generated by org.testng.reporters.JUnitReportReporter -->
<testsuite hostname="XLH-20160517" name="test.apptest.common.AppCommonSpeedInquiry" tests="1" failures="0" timestamp="16 Dec 2016 06:29:34 GMT" time="106.701" errors="0">
  <testcase name="appCommonSpeedInquiry" time="106.701" classname="test.apptest.common.AppCommonSpeedInquiry"/>
</testsuite> <!-- test.apptest.common.AppCommonSpeedInquiry -->
