<?xml version="1.0" encoding="UTF-8"?>
<!-- Generated by org.testng.reporters.JUnitReportReporter -->
<testsuite hostname="xlh-028" name="test.apptest.common.AppCommonInquiry" tests="1" failures="1" timestamp="23 Dec 2016 08:04:41 GMT" time="311.518" errors="0">
  <testcase name="commonInquiryProcess" time="311.518" classname="test.apptest.common.AppCommonInquiry">
    <failure type="org.openqa.selenium.TimeoutException" message="Timed out after 60 seconds waiting for element to be clickable: By.name: 我的
Build info: version: &#039;2.44.0&#039;, revision: &#039;76d78cf&#039;, time: &#039;2014-10-23 20:03:00&#039;
System info: host: &#039;xlh-028&#039;, ip: &#039;172.16.22.236&#039;, os.name: &#039;Windows 8&#039;, os.arch: &#039;amd64&#039;, os.version: &#039;6.2&#039;, java.version: &#039;1.6.0_43&#039;
Session ID: b4aa77a9-4f08-4572-97c5-8841c861c612
Driver info: io.appium.java_client.AppiumDriver
Capabilities [{platform=LINUX, app=D:\autoApp\testAPK\Easyrongchuangye_pre_2_3_1.apk, javascriptEnabled=true, appActivity=.activities.EasyrongChuangyeActivity, browserName=, networkConnectionEnabled=true, noSign=true, desired={platformVersion=4.4, app=D:\autoApp\testAPK\Easyrongchuangye_pre_2_3_1.apk, platformName=Android, deviceName=Android Emulator, browserName=, appActivity=.activities.EasyrongChuangyeActivity, unicodeKeyboard=true, noSign=true, resetKeyboard=true, appPackage=com.easyrongchuangye, noReset=true}, locationContextEnabled=false, appPackage=com.easyrongchuangye, noReset=true, platformVersion=4.4.2, databaseEnabled=false, platformName=Android, deviceName=emulator-5554, webStorageEnabled=false, unicodeKeyboard=true, resetKeyboard=true, warnings={}, takesScreenshot=true}]">
      <![CDATA[org.openqa.selenium.TimeoutException: Timed out after 60 seconds waiting for element to be clickable: By.name: 我的
Build info: version: '2.44.0', revision: '76d78cf', time: '2014-10-23 20:03:00'
System info: host: 'xlh-028', ip: '172.16.22.236', os.name: 'Windows 8', os.arch: 'amd64', os.version: '6.2', java.version: '1.6.0_43'
Session ID: b4aa77a9-4f08-4572-97c5-8841c861c612
Driver info: io.appium.java_client.AppiumDriver
Capabilities [{platform=LINUX, app=D:\autoApp\testAPK\Easyrongchuangye_pre_2_3_1.apk, javascriptEnabled=true, appActivity=.activities.EasyrongChuangyeActivity, browserName=, networkConnectionEnabled=true, noSign=true, desired={platformVersion=4.4, app=D:\autoApp\testAPK\Easyrongchuangye_pre_2_3_1.apk, platformName=Android, deviceName=Android Emulator, browserName=, appActivity=.activities.EasyrongChuangyeActivity, unicodeKeyboard=true, noSign=true, resetKeyboard=true, appPackage=com.easyrongchuangye, noReset=true}, locationContextEnabled=false, appPackage=com.easyrongchuangye, noReset=true, platformVersion=4.4.2, databaseEnabled=false, platformName=Android, deviceName=emulator-5554, webStorageEnabled=false, unicodeKeyboard=true, resetKeyboard=true, warnings={}, takesScreenshot=true}]
	at org.openqa.selenium.support.ui.WebDriverWait.timeoutException(WebDriverWait.java:79)
	at org.openqa.selenium.support.ui.FluentWait.until(FluentWait.java:228)
	at service.impl.AppCommonServiceImpl.logoutForApp(AppCommonServiceImpl.java:43)
	at test.apptest.common.AppCommonInquiry.logoutOfcurrentApp(AppCommonInquiry.java:248)
	at test.apptest.common.AppCommonInquiry.commonInquiryProcess(AppCommonInquiry.java:198)
	at sun.reflect.NativeMethodAccessorImpl.invoke0(Native Method)
	at sun.reflect.NativeMethodAccessorImpl.invoke(Unknown Source)
	at sun.reflect.DelegatingMethodAccessorImpl.invoke(Unknown Source)
	at java.lang.reflect.Method.invoke(Unknown Source)
	at org.testng.internal.MethodInvocationHelper.invokeMethod(MethodInvocationHelper.java:84)
	at org.testng.internal.InvokeMethodRunnable.runOne(InvokeMethodRunnable.java:46)
	at org.testng.internal.InvokeMethodRunnable.run(InvokeMethodRunnable.java:37)
	at java.util.concurrent.Executors$RunnableAdapter.call(Unknown Source)
	at java.util.concurrent.FutureTask$Sync.innerRun(Unknown Source)
	at java.util.concurrent.FutureTask.run(Unknown Source)
	at java.util.concurrent.ThreadPoolExecutor$Worker.runTask(Unknown Source)
	at java.util.concurrent.ThreadPoolExecutor$Worker.run(Unknown Source)
	at java.lang.Thread.run(Unknown Source)
Caused by: org.openqa.selenium.NoSuchElementException: An element could not be located on the page using the given search parameters. (WARNING: The server did not provide any stacktrace information)
Command duration or timeout: 10.55 seconds
For documentation on this error, please visit: http://seleniumhq.org/exceptions/no_such_element.html
Build info: version: '2.44.0', revision: '76d78cf', time: '2014-10-23 20:03:00'
System info: host: 'xlh-028', ip: '172.16.22.236', os.name: 'Windows 8', os.arch: 'amd64', os.version: '6.2', java.version: '1.6.0_43'
Session ID: b4aa77a9-4f08-4572-97c5-8841c861c612
Driver info: io.appium.java_client.AppiumDriver
Capabilities [{platform=LINUX, app=D:\autoApp\testAPK\Easyrongchuangye_pre_2_3_1.apk, javascriptEnabled=true, appActivity=.activities.EasyrongChuangyeActivity, browserName=, networkConnectionEnabled=true, noSign=true, desired={platformVersion=4.4, app=D:\autoApp\testAPK\Easyrongchuangye_pre_2_3_1.apk, platformName=Android, deviceName=Android Emulator, browserName=, appActivity=.activities.EasyrongChuangyeActivity, unicodeKeyboard=true, noSign=true, resetKeyboard=true, appPackage=com.easyrongchuangye, noReset=true}, locationContextEnabled=false, appPackage=com.easyrongchuangye, noReset=true, platformVersion=4.4.2, databaseEnabled=false, platformName=Android, deviceName=emulator-5554, webStorageEnabled=false, unicodeKeyboard=true, resetKeyboard=true, warnings={}, takesScreenshot=true}]
	at sun.reflect.NativeConstructorAccessorImpl.newInstance0(Native Method)
	at sun.reflect.NativeConstructorAccessorImpl.newInstance(Unknown Source)
	at sun.reflect.DelegatingConstructorAccessorImpl.newInstance(Unknown Source)
	at java.lang.reflect.Constructor.newInstance(Unknown Source)
	at org.openqa.selenium.remote.ErrorHandler.createThrowable(ErrorHandler.java:204)
	at org.openqa.selenium.remote.ErrorHandler.throwIfResponseFailed(ErrorHandler.java:156)
	at org.openqa.selenium.remote.RemoteWebDriver.execute(RemoteWebDriver.java:599)
	at io.appium.java_client.AppiumDriver.execute(AppiumDriver.java:81)
	at org.openqa.selenium.remote.RemoteWebDriver.findElement(RemoteWebDriver.java:352)
	at org.openqa.selenium.remote.RemoteWebDriver.findElementByName(RemoteWebDriver.java:425)
	at org.openqa.selenium.By$ByName.findElement(By.java:299)
	at org.openqa.selenium.remote.RemoteWebDriver.findElement(RemoteWebDriver.java:344)
	at org.openqa.selenium.support.ui.ExpectedConditions.findElement(ExpectedConditions.java:730)
	at org.openqa.selenium.support.ui.ExpectedConditions.access$0(ExpectedConditions.java:728)
	at org.openqa.selenium.support.ui.ExpectedConditions$4.apply(ExpectedConditions.java:130)
	at org.openqa.selenium.support.ui.ExpectedConditions$4.apply(ExpectedConditions.java:1)
	at org.openqa.selenium.support.ui.ExpectedConditions$17.apply(ExpectedConditions.java:528)
	at org.openqa.selenium.support.ui.ExpectedConditions$17.apply(ExpectedConditions.java:1)
	at org.openqa.selenium.support.ui.FluentWait.until(FluentWait.java:208)
	... 16 more
]]>
    </failure>
  </testcase> <!-- commonInquiryProcess -->
</testsuite> <!-- test.apptest.common.AppCommonInquiry -->
