<?xml version="1.0" encoding="UTF-8"?>
<!-- Generated by org.testng.reporters.JUnitReportReporter -->
<testsuite hostname="ALLen-PC" name="test.apptest.fund.AppFundRequirement" tests="2" failures="0" timestamp="28 Nov 2016 03:21:36 GMT" time="149.896" errors="0">
  <testcase name="fundRequirement" time="103.795" classname="test.apptest.fund.AppFundRequirement"/>
  <testcase name="fundRespond" time="46.101" classname="test.apptest.fund.AppFundRequirement"/>
</testsuite> <!-- test.apptest.fund.AppFundRequirement -->
