<?xml version="1.0" encoding="UTF-8"?>
<!-- Generated by org.testng.reporters.JUnitReportReporter -->
<testsuite hostname="ALLen-PC" name="test.apptest.common.AppCommonInquiry" tests="1" failures="0" timestamp="28 Nov 2016 08:12:42 GMT" time="20.289" errors="0">
  <testcase name="funtest" time="20.289" classname="test.apptest.common.AppCommonInquiry"/>
</testsuite> <!-- test.apptest.common.AppCommonInquiry -->
