<?xml version="1.0" encoding="UTF-8"?>
<!-- Generated by org.testng.reporters.JUnitReportReporter -->
<testsuite hostname="ALLen-PC" name="test.apptest.common.AppCommonSpeedInquiry" tests="1" failures="0" timestamp="12 Dec 2016 09:51:28 GMT" time="90.446" errors="0">
  <testcase name="appCommonSpeedInquiry" time="90.446" classname="test.apptest.common.AppCommonSpeedInquiry"/>
</testsuite> <!-- test.apptest.common.AppCommonSpeedInquiry -->
