<?xml version="1.0" encoding="UTF-8"?>
<!-- Generated by org.testng.reporters.JUnitReportReporter -->
<testsuite hostname="ALLen-PC" name="test.apptest.chuangye.AppChuangyeEnterIncubator" tests="1" failures="0" timestamp="9 Dec 2016 10:36:18 GMT" time="90.477" errors="0">
  <testcase name="chuangyeEnterIncubator" time="90.477" classname="test.apptest.chuangye.AppChuangyeEnterIncubator"/>
</testsuite> <!-- test.apptest.chuangye.AppChuangyeEnterIncubator -->
