<?xml version="1.0" encoding="UTF-8"?>
<!-- Generated by org.testng.reporters.JUnitReportReporter -->
<testsuite hostname="ALLen-PC" name="test.apptest.common.AppCommonInquiry" tests="1" failures="0" timestamp="17 Nov 2016 10:15:05 GMT" time="10.929" errors="0">
  <testcase name="commonInquiryProcess" time="10.929" classname="test.apptest.common.AppCommonInquiry"/>
</testsuite> <!-- test.apptest.common.AppCommonInquiry -->
