<?xml version="1.0" encoding="UTF-8"?>
<!-- Generated by org.testng.reporters.JUnitReportReporter -->
<testsuite hostname="xlh-028" name="test.apptest.chuangye.AppChuangyeBuyService" tests="1" failures="0" timestamp="23 Dec 2016 08:28:46 GMT" time="125.395" errors="0">
  <testcase name="chuangyeBuyService" time="125.395" classname="test.apptest.chuangye.AppChuangyeBuyService"/>
</testsuite> <!-- test.apptest.chuangye.AppChuangyeBuyService -->
