<?xml version="1.0" encoding="UTF-8"?>
<!-- Generated by org.testng.reporters.JUnitReportReporter -->
<<<<<<< HEAD
<testsuite hostname="ALLen-PC" name="test.apptest.chuangye.AppChuangyeEnterIncubator" tests="1" failures="0" timestamp="30 Nov 2016 08:00:41 GMT" time="111.141" errors="0">
  <testcase name="chuangyeEnterIncubator" time="111.141" classname="test.apptest.chuangye.AppChuangyeEnterIncubator"/>
=======
<testsuite hostname="xlh-028" name="test.apptest.chuangye.AppChuangyeEnterIncubator" tests="1" failures="0" timestamp="1 Dec 2016 02:45:58 GMT" time="107.811" errors="0">
  <testcase name="chuangyeEnterIncubator" time="107.811" classname="test.apptest.chuangye.AppChuangyeEnterIncubator"/>
>>>>>>> branch 'master' of git@172.16.11.124:luyi/appAuto.git
</testsuite> <!-- test.apptest.chuangye.AppChuangyeEnterIncubator -->
