<?xml version="1.0" encoding="UTF-8"?>
<!-- Generated by org.testng.reporters.JUnitReportReporter -->
<testsuite hostname="ALLen-PC" name="test.apptest.fund.AppFundWallet" tests="1" failures="0" timestamp="24 Nov 2016 08:57:02 GMT" time="32.272" errors="0">
  <testcase name="Wallet" time="32.272" classname="test.apptest.fund.AppFundWallet"/>
</testsuite> <!-- test.apptest.fund.AppFundWallet -->
