<?xml version="1.0" encoding="UTF-8"?>
<!-- Generated by org.testng.reporters.JUnitReportReporter -->
<testsuite hostname="xlh-028" name="test.apptest.chuangye.AppChuangyeBuyService" tests="1" failures="0" timestamp="20 Dec 2016 03:14:10 GMT" time="120.341" errors="0">
  <testcase name="chuangyeBuyService" time="120.341" classname="test.apptest.chuangye.AppChuangyeBuyService"/>
</testsuite> <!-- test.apptest.chuangye.AppChuangyeBuyService -->
