<?xml version="1.0" encoding="UTF-8"?>
<!-- Generated by org.testng.reporters.JUnitReportReporter -->
<testsuite hostname="xlh-028" name="test.apptest.common.AppCommonSpeedInquiry" tests="1" failures="0" timestamp="23 Dec 2016 08:08:38 GMT" time="105.840" errors="0">
  <testcase name="appCommonSpeedInquiry" time="105.840" classname="test.apptest.common.AppCommonSpeedInquiry"/>
</testsuite> <!-- test.apptest.common.AppCommonSpeedInquiry -->
