<?xml version="1.0" encoding="UTF-8"?>
<!-- Generated by org.testng.reporters.JUnitReportReporter -->
<testsuite hostname="ALLen-PC" name="test.apptest.common.AppCommonInquiry" tests="1" failures="0" timestamp="30 Nov 2016 03:03:44 GMT" time="222.475" errors="0">
  <testcase name="commonInquiryProcess" time="222.475" classname="test.apptest.common.AppCommonInquiry"/>
</testsuite> <!-- test.apptest.common.AppCommonInquiry -->
