<?xml version="1.0" encoding="UTF-8"?>
<!-- Generated by org.testng.reporters.JUnitReportReporter -->
<testsuite hostname="xlh-028" name="test.apptest.fund.AppFundSignUp" tests="1" failures="0" timestamp="9 Dec 2016 07:32:53 GMT" time="130.747" errors="0">
  <testcase name="fundSignUp" time="130.747" classname="test.apptest.fund.AppFundSignUp"/>
</testsuite> <!-- test.apptest.fund.AppFundSignUp -->
