<?xml version="1.0" encoding="UTF-8"?>
<!-- Generated by org.testng.reporters.JUnitReportReporter -->
<testsuite hostname="xlh-028" name="test.apptest.chuangye.AppChuangyeSignUp" tests="1" failures="0" timestamp="16 Dec 2016 07:11:11 GMT" time="91.110" errors="0">
  <testcase name="chuangyeSignUp" time="91.110" classname="test.apptest.chuangye.AppChuangyeSignUp"/>
</testsuite> <!-- test.apptest.chuangye.AppChuangyeSignUp -->
