<?xml version="1.0" encoding="UTF-8"?>
<!-- Generated by org.testng.reporters.JUnitReportReporter -->
<testsuite hostname="ALLen-PC" name="test.apptest.common.AppFundSpeedInquiry" tests="1" failures="0" timestamp="8 Dec 2016 07:37:12 GMT" time="91.038" errors="0">
  <testcase name="Wallet" time="91.038" classname="test.apptest.common.AppFundSpeedInquiry"/>
</testsuite> <!-- test.apptest.common.AppFundSpeedInquiry -->
