<?xml version="1.0" encoding="UTF-8"?>
<!-- Generated by org.testng.reporters.JUnitReportReporter -->
<testsuite hostname="ALLen-PC" name="test.apptest.chuangye.AppChuangyeEnterIncubator" tests="1" failures="0" timestamp="30 Nov 2016 08:00:41 GMT" time="111.141" errors="0">
  <testcase name="chuangyeEnterIncubator" time="111.141" classname="test.apptest.chuangye.AppChuangyeEnterIncubator"/>
</testsuite> <!-- test.apptest.chuangye.AppChuangyeEnterIncubator -->
