<?xml version="1.0" encoding="UTF-8"?>
<!-- Generated by org.testng.reporters.JUnitReportReporter -->
<testsuite hostname="XLH-20160517"
	name="test.apptest.chuangye.AppChuangyeApplyLoan" tests="1" failures="1"
	timestamp="6 Jan 2017 02:02:19 GMT" time="0.043" errors="0">
	<testcase name="chuangyeApplyLoan" time="0.043"
		classname="test.apptest.chuangye.AppChuangyeApplyLoan">
		<failure type="java.lang.NullPointerException">
      <![CDATA[java.lang.NullPointerException
	at test.apptest.chuangye.AppChuangyeApplyLoan.chuangyeApplyLoan(AppChuangyeApplyLoan.java:79)
	at sun.reflect.NativeMethodAccessorImpl.invoke0(Native Method)
	at sun.reflect.NativeMethodAccessorImpl.invoke(NativeMethodAccessorImpl.java:62)
	at sun.reflect.DelegatingMethodAccessorImpl.invoke(DelegatingMethodAccessorImpl.java:43)
	at java.lang.reflect.Method.invoke(Method.java:498)
	at org.testng.internal.MethodInvocationHelper.invokeMethod(MethodInvocationHelper.java:80)
	at org.testng.internal.InvokeMethodRunnable.runOne(InvokeMethodRunnable.java:46)
	at org.testng.internal.InvokeMethodRunnable.run(InvokeMethodRunnable.java:37)
	at java.util.concurrent.Executors$RunnableAdapter.call(Executors.java:511)
	at java.util.concurrent.FutureTask.run(FutureTask.java:266)
	at java.util.concurrent.ThreadPoolExecutor.runWorker(ThreadPoolExecutor.java:1142)
	at java.util.concurrent.ThreadPoolExecutor$Worker.run(ThreadPoolExecutor.java:617)
	at java.lang.Thread.run(Thread.java:745)
]]>
		</failure>
	</testcase> <!-- chuangyeApplyLoan -->
</testsuite> <!-- test.apptest.chuangye.AppChuangyeApplyLoan -->
