<?xml version="1.0" encoding="UTF-8"?>
<!-- Generated by org.testng.reporters.JUnitReportReporter -->
<testsuite hostname="ALLen-PC" name="test.apptest.common.AppCommonInquiry" tests="1" failures="0" timestamp="15 Nov 2016 11:56:36 GMT" time="56.100" errors="0">
  <testcase name="commonInquiryProcess" time="56.100" classname="test.apptest.common.AppCommonInquiry"/>
</testsuite> <!-- test.apptest.common.AppCommonInquiry -->
