<?xml version="1.0" encoding="UTF-8"?>
<!-- Generated by org.testng.reporters.JUnitReportReporter -->
<testsuite hostname="xlh-028" name="test.apptest.fund.AppFundSignUp" tests="1" failures="0" timestamp="16 Dec 2016 07:00:29 GMT" time="82.314" errors="0">
  <testcase name="fundSignUp" time="82.314" classname="test.apptest.fund.AppFundSignUp"/>
</testsuite> <!-- test.apptest.fund.AppFundSignUp -->
