<?xml version="1.0" encoding="UTF-8"?>
<!-- Generated by org.testng.reporters.JUnitReportReporter -->
<testsuite hostname="XLH-20160517"
	name="test.apptest.common.AppCommonSpeedInquiry" tests="1" failures="0"
	timestamp="27 Dec 2016 08:59:02 GMT" time="97.968" errors="0">
	<testcase name="appCommonSpeedInquiry" time="97.968"
		classname="test.apptest.common.AppCommonSpeedInquiry" />
</testsuite> <!-- test.apptest.common.AppCommonSpeedInquiry -->
