<?xml version="1.0" encoding="UTF-8"?>
<!-- Generated by org.testng.reporters.JUnitReportReporter -->
<testsuite hostname="XLH-20160517" name="test.apptest.common.AppCommonSpeedInquiry" tests="1" failures="0" timestamp="26 Dec 2016 10:32:17 GMT" time="96.009" errors="0">
  <testcase name="appCommonSpeedInquiry" time="96.009" classname="test.apptest.common.AppCommonSpeedInquiry"/>
</testsuite> <!-- test.apptest.common.AppCommonSpeedInquiry -->
