<?xml version="1.0" encoding="UTF-8"?>
<!-- Generated by org.testng.reporters.JUnitReportReporter -->
<testsuite hostname="ALLen-PC" name="test.apptest.fund.AppFundRequirement" tests="2" failures="0" timestamp="24 Nov 2016 08:42:31 GMT" time="149.794" errors="0">
  <testcase name="FundRequirement" time="103.876" classname="test.apptest.fund.AppFundRequirement"/>
  <testcase name="FundRespond" time="45.918" classname="test.apptest.fund.AppFundRequirement"/>
</testsuite> <!-- test.apptest.fund.AppFundRequirement -->
