<?xml version="1.0" encoding="UTF-8"?>
<!-- Generated by org.testng.reporters.JUnitReportReporter -->
<testsuite hostname="ALLen-PC" name="test.apptest.common.AppCommonSpeedInquiry" tests="1" failures="0" timestamp="9 Dec 2016 10:36:18 GMT" time="89.719" errors="0">
  <testcase name="appCommonSpeedInquiry" time="89.719" classname="test.apptest.common.AppCommonSpeedInquiry"/>
</testsuite> <!-- test.apptest.common.AppCommonSpeedInquiry -->
