<?xml version="1.0" encoding="UTF-8"?>
<!-- Generated by org.testng.reporters.JUnitReportReporter -->
<testsuite hostname="xlh-028" name="test.apptest.chuangye.AppChuangyeBuyService" tests="1" failures="0" timestamp="22 Dec 2016 03:58:53 GMT" time="9.628" errors="0">
  <testcase name="chuangyeBuyService" time="9.628" classname="test.apptest.chuangye.AppChuangyeBuyService"/>
</testsuite> <!-- test.apptest.chuangye.AppChuangyeBuyService -->
