<?xml version="1.0" encoding="UTF-8"?>
<!-- Generated by org.testng.reporters.JUnitReportReporter -->
<testsuite hostname="xlh-028" name="test.apptest.chuangye.AppChuangyeSignUp" tests="1" failures="0" timestamp="14 Dec 2016 03:34:39 GMT" time="89.540" errors="0">
  <testcase name="chuangyeSignUp" time="89.540" classname="test.apptest.chuangye.AppChuangyeSignUp"/>
</testsuite> <!-- test.apptest.chuangye.AppChuangyeSignUp -->
