<?xml version="1.0" encoding="UTF-8"?>
<!-- Generated by org.testng.reporters.JUnitReportReporter -->
<testsuite hostname="xlh-028" name="test.apptest.chuangye.AppChuangyeSignUp" tests="1" failures="0" timestamp="23 Dec 2016 08:39:18 GMT" time="117.382" errors="0">
  <testcase name="chuangyeSignUp" time="117.382" classname="test.apptest.chuangye.AppChuangyeSignUp"/>
</testsuite> <!-- test.apptest.chuangye.AppChuangyeSignUp -->
