<?xml version="1.0" encoding="UTF-8"?>
<!-- Generated by org.testng.reporters.JUnitReportReporter -->
<testsuite hostname="xlh-028" name="test.apptest.fund.AppFundSignUp" tests="1" failures="0" timestamp="23 Dec 2016 08:45:00 GMT" time="91.695" errors="0">
  <testcase name="fundSignUp" time="91.695" classname="test.apptest.fund.AppFundSignUp"/>
</testsuite> <!-- test.apptest.fund.AppFundSignUp -->
