<?xml version="1.0" encoding="UTF-8"?>
<!-- Generated by org.testng.reporters.JUnitReportReporter -->
<testsuite hostname="ALLen-PC" name="test.apptest.chuangye.AppChuangyeSignUp" tests="1" failures="0" timestamp="1 Dec 2016 07:37:16 GMT" time="46.522" errors="0">
  <testcase name="chuangyeSignUp" time="46.522" classname="test.apptest.chuangye.AppChuangyeSignUp"/>
</testsuite> <!-- test.apptest.chuangye.AppChuangyeSignUp -->
