<?xml version="1.0" encoding="UTF-8"?>
<!-- Generated by org.testng.reporters.JUnitReportReporter -->
<testsuite hostname="xlh-028" name="test.apptest.chuangye.AppChuangyeEnterIncubator" tests="1" failures="0" timestamp="7 Dec 2016 08:23:07 GMT" time="87.336" errors="0">
  <testcase name="chuangyeEnterIncubator" time="87.336" classname="test.apptest.chuangye.AppChuangyeEnterIncubator"/>
</testsuite> <!-- test.apptest.chuangye.AppChuangyeEnterIncubator -->
