<?xml version="1.0" encoding="UTF-8"?>
<!-- Generated by org.testng.reporters.JUnitReportReporter -->
<testsuite hostname="xlh-028" name="test.apptest.common.AppCommonInterview" tests="1" failures="0" timestamp="23 Dec 2016 07:35:36 GMT" time="172.392" errors="0">
  <testcase name="interviewProcess" time="172.392" classname="test.apptest.common.AppCommonInterview"/>
</testsuite> <!-- test.apptest.common.AppCommonInterview -->
