<?xml version="1.0" encoding="UTF-8"?>
<!-- Generated by org.testng.reporters.JUnitReportReporter -->
<testsuite hostname="xlh-028" name="test.apptest.chuangye.AppChuangyeApplyLoan" tests="1" failures="0" timestamp="23 Dec 2016 08:12:53 GMT" time="166.388" errors="0">
  <testcase name="chuangyeApplyLoan" time="166.388" classname="test.apptest.chuangye.AppChuangyeApplyLoan"/>
</testsuite> <!-- test.apptest.chuangye.AppChuangyeApplyLoan -->
