<?xml version="1.0" encoding="UTF-8"?>
<!-- Generated by org.testng.reporters.JUnitReportReporter -->
<testsuite hostname="xlh-028" name="test.apptest.chuangye.AppChuangyeApplyLoan" tests="1" failures="0" timestamp="7 Dec 2016 02:59:35 GMT" time="186.056" errors="0">
  <testcase name="chuangyeApplyLoan" time="186.056" classname="test.apptest.chuangye.AppChuangyeApplyLoan"/>
</testsuite> <!-- test.apptest.chuangye.AppChuangyeApplyLoan -->
