<?xml version="1.0" encoding="UTF-8"?>
<!-- Generated by org.testng.reporters.JUnitReportReporter -->
<testsuite hostname="XLH-20160517" name="test.apptest.common.AppCommonSpeedInquiry" tests="1" failures="0" timestamp="14 Dec 2016 05:11:54 GMT" time="95.079" errors="0">
  <testcase name="appCommonSpeedInquiry" time="95.079" classname="test.apptest.common.AppCommonSpeedInquiry"/>
</testsuite> <!-- test.apptest.common.AppCommonSpeedInquiry -->
