<?xml version="1.0" encoding="UTF-8"?>
<!-- Generated by org.testng.reporters.JUnitReportReporter -->
<testsuite hostname="ALLen-PC" name="test.apptest.fund.AppFundRequirement" tests="2" failures="0" timestamp="9 Dec 2016 10:36:18 GMT" time="151.057" errors="0">
  <testcase name="fundRequirement" time="105.264" classname="test.apptest.fund.AppFundRequirement"/>
  <testcase name="fundRespond" time="45.793" classname="test.apptest.fund.AppFundRequirement"/>
</testsuite> <!-- test.apptest.fund.AppFundRequirement -->
