<?xml version="1.0" encoding="UTF-8"?>
<!-- Generated by org.testng.reporters.JUnitReportReporter -->
<testsuite hostname="ALLen-PC" name="test.apptest.common.AppCommonInterview" tests="1" failures="0" timestamp="25 Nov 2016 09:31:51 GMT" time="277.432" errors="0">
  <testcase name="interviewProcess" time="277.432" classname="test.apptest.common.AppCommonInterview"/>
</testsuite> <!-- test.apptest.common.AppCommonInterview -->
