<?xml version="1.0" encoding="UTF-8"?>
<!-- Generated by org.testng.reporters.JUnitReportReporter -->
<testsuite hostname="xlh-028" name="test.apptest.chuangye.AppChuangyeEnterIncubator" tests="1" failures="0" timestamp="30 Nov 2016 02:34:08 GMT" time="92.361" errors="0">
  <testcase name="chuangyeEnterIncubator" time="92.361" classname="test.apptest.chuangye.AppChuangyeEnterIncubator"/>
</testsuite> <!-- test.apptest.chuangye.AppChuangyeEnterIncubator -->
