<?xml version="1.0" encoding="UTF-8"?>
<!-- Generated by org.testng.reporters.JUnitReportReporter -->
<testsuite hostname="xlh-028" name="test.apptest.chuangye.AppChuangyeReleaseLoan" tests="1" failures="0" timestamp="7 Dec 2016 02:53:49 GMT" time="156.921" errors="0">
  <testcase name="chuangyeReleaseLoan" time="156.921" classname="test.apptest.chuangye.AppChuangyeReleaseLoan"/>
</testsuite> <!-- test.apptest.chuangye.AppChuangyeReleaseLoan -->
